2025-06-17 21:01:55 [ERROR]: Uncaught Exception
Error: write EPIPE
    at afterWriteDispatched (node:internal/stream_base_commons:159:15)
    at writeGeneric (node:internal/stream_base_commons:150:3)
    at Socket._writeGeneric (node:net:971:11)
    at Socket._write (node:net:983:8)
    at writeOrBuffer (node:internal/streams/writable:572:12)
    at _write (node:internal/streams/writable:501:10)
    at Writable.write (node:internal/streams/writable:510:10)
    at Console.log (/home/tobagin/Projects/Karere/backend/node_modules/winston/lib/winston/transports/console.js:87:23)
    at Console._write (/home/tobagin/Projects/Karere/backend/node_modules/winston-transport/modern.js:103:17)
    at doWrite (/home/tobagin/Projects/Karere/backend/node_modules/winston-transport/node_modules/readable-stream/lib/_stream_writable.js:390:139)
{
  "error": "write EPIPE"
}
2025-06-17 21:03:17 [ERROR]: Uncaught Exception
Error: write EPIPE
    at afterWriteDispatched (node:internal/stream_base_commons:159:15)
    at writeGeneric (node:internal/stream_base_commons:150:3)
    at Socket._writeGeneric (node:net:971:11)
    at Socket._write (node:net:983:8)
    at writeOrBuffer (node:internal/streams/writable:572:12)
    at _write (node:internal/streams/writable:501:10)
    at Writable.write (node:internal/streams/writable:510:10)
    at Console.log (/home/tobagin/Projects/Karere/backend/node_modules/winston/lib/winston/transports/console.js:87:23)
    at Console._write (/home/tobagin/Projects/Karere/backend/node_modules/winston-transport/modern.js:103:17)
    at doWrite (/home/tobagin/Projects/Karere/backend/node_modules/winston-transport/node_modules/readable-stream/lib/_stream_writable.js:390:139)
{
  "error": "write EPIPE"
}
2025-06-17 21:12:25 [ERROR]: Uncaught Exception
Error: write EPIPE
    at afterWriteDispatched (node:internal/stream_base_commons:159:15)
    at writeGeneric (node:internal/stream_base_commons:150:3)
    at Socket._writeGeneric (node:net:971:11)
    at Socket._write (node:net:983:8)
    at writeOrBuffer (node:internal/streams/writable:572:12)
    at _write (node:internal/streams/writable:501:10)
    at Writable.write (node:internal/streams/writable:510:10)
    at Console.log (/home/tobagin/Projects/Karere/backend/node_modules/winston/lib/winston/transports/console.js:87:23)
    at Console._write (/home/tobagin/Projects/Karere/backend/node_modules/winston-transport/modern.js:103:17)
    at doWrite (/home/tobagin/Projects/Karere/backend/node_modules/winston-transport/node_modules/readable-stream/lib/_stream_writable.js:390:139)
{
  "error": "write EPIPE"
}
2025-06-17 21:13:16 [ERROR]: Uncaught Exception
Error: write EPIPE
    at afterWriteDispatched (node:internal/stream_base_commons:159:15)
    at writeGeneric (node:internal/stream_base_commons:150:3)
    at Socket._writeGeneric (node:net:971:11)
    at Socket._write (node:net:983:8)
    at writeOrBuffer (node:internal/streams/writable:572:12)
    at _write (node:internal/streams/writable:501:10)
    at Writable.write (node:internal/streams/writable:510:10)
    at Console.log (/home/tobagin/Projects/Karere/backend/node_modules/winston/lib/winston/transports/console.js:87:23)
    at Console._write (/home/tobagin/Projects/Karere/backend/node_modules/winston-transport/modern.js:103:17)
    at doWrite (/home/tobagin/Projects/Karere/backend/node_modules/winston-transport/node_modules/readable-stream/lib/_stream_writable.js:390:139)
{
  "error": "write EPIPE"
}
2025-06-17 21:14:05 [ERROR]: Uncaught Exception
Error: write EPIPE
    at afterWriteDispatched (node:internal/stream_base_commons:159:15)
    at writeGeneric (node:internal/stream_base_commons:150:3)
    at Socket._writeGeneric (node:net:971:11)
    at Socket._write (node:net:983:8)
    at writeOrBuffer (node:internal/streams/writable:572:12)
    at _write (node:internal/streams/writable:501:10)
    at Writable.write (node:internal/streams/writable:510:10)
    at Console.log (/home/tobagin/Projects/Karere/backend/node_modules/winston/lib/winston/transports/console.js:87:23)
    at Console._write (/home/tobagin/Projects/Karere/backend/node_modules/winston-transport/modern.js:103:17)
    at doWrite (/home/tobagin/Projects/Karere/backend/node_modules/winston-transport/node_modules/readable-stream/lib/_stream_writable.js:390:139)
{
  "error": "write EPIPE"
}
2025-06-17 21:17:19 [ERROR]: Uncaught Exception
Error: write EPIPE
    at afterWriteDispatched (node:internal/stream_base_commons:159:15)
    at writeGeneric (node:internal/stream_base_commons:150:3)
    at Socket._writeGeneric (node:net:971:11)
    at Socket._write (node:net:983:8)
    at writeOrBuffer (node:internal/streams/writable:572:12)
    at _write (node:internal/streams/writable:501:10)
    at Writable.write (node:internal/streams/writable:510:10)
    at Console.log (/home/tobagin/Projects/Karere/backend/node_modules/winston/lib/winston/transports/console.js:87:23)
    at Console._write (/home/tobagin/Projects/Karere/backend/node_modules/winston-transport/modern.js:103:17)
    at doWrite (/home/tobagin/Projects/Karere/backend/node_modules/winston-transport/node_modules/readable-stream/lib/_stream_writable.js:390:139)
{
  "error": "write EPIPE"
}
2025-06-17 21:18:14 [ERROR]: Uncaught Exception
Error: write EPIPE
    at afterWriteDispatched (node:internal/stream_base_commons:159:15)
    at writeGeneric (node:internal/stream_base_commons:150:3)
    at Socket._writeGeneric (node:net:971:11)
    at Socket._write (node:net:983:8)
    at writeOrBuffer (node:internal/streams/writable:572:12)
    at _write (node:internal/streams/writable:501:10)
    at Writable.write (node:internal/streams/writable:510:10)
    at Console.log (/home/tobagin/Projects/Karere/backend/node_modules/winston/lib/winston/transports/console.js:87:23)
    at Console._write (/home/tobagin/Projects/Karere/backend/node_modules/winston-transport/modern.js:103:17)
    at doWrite (/home/tobagin/Projects/Karere/backend/node_modules/winston-transport/node_modules/readable-stream/lib/_stream_writable.js:390:139)
{
  "error": "write EPIPE"
}
2025-06-17 21:21:07 [ERROR]: Uncaught Exception
Error: write EPIPE
    at afterWriteDispatched (node:internal/stream_base_commons:159:15)
    at writeGeneric (node:internal/stream_base_commons:150:3)
    at Socket._writeGeneric (node:net:971:11)
    at Socket._write (node:net:983:8)
    at writeOrBuffer (node:internal/streams/writable:572:12)
    at _write (node:internal/streams/writable:501:10)
    at Writable.write (node:internal/streams/writable:510:10)
    at Console.log (/home/tobagin/Projects/Karere/backend/node_modules/winston/lib/winston/transports/console.js:87:23)
    at Console._write (/home/tobagin/Projects/Karere/backend/node_modules/winston-transport/modern.js:103:17)
    at doWrite (/home/tobagin/Projects/Karere/backend/node_modules/winston-transport/node_modules/readable-stream/lib/_stream_writable.js:390:139)
{
  "error": "write EPIPE"
}
2025-06-17 21:22:32 [ERROR]: Uncaught Exception
Error: write EPIPE
    at afterWriteDispatched (node:internal/stream_base_commons:159:15)
    at writeGeneric (node:internal/stream_base_commons:150:3)
    at Socket._writeGeneric (node:net:971:11)
    at Socket._write (node:net:983:8)
    at writeOrBuffer (node:internal/streams/writable:572:12)
    at _write (node:internal/streams/writable:501:10)
    at Writable.write (node:internal/streams/writable:510:10)
    at Console.log (/home/tobagin/Projects/Karere/backend/node_modules/winston/lib/winston/transports/console.js:87:23)
    at Console._write (/home/tobagin/Projects/Karere/backend/node_modules/winston-transport/modern.js:103:17)
    at doWrite (/home/tobagin/Projects/Karere/backend/node_modules/winston-transport/node_modules/readable-stream/lib/_stream_writable.js:390:139)
{
  "error": "write EPIPE"
}
2025-06-17 21:23:36 [ERROR]: Uncaught Exception
Error: write EPIPE
    at afterWriteDispatched (node:internal/stream_base_commons:159:15)
    at writeGeneric (node:internal/stream_base_commons:150:3)
    at Socket._writeGeneric (node:net:971:11)
    at Socket._write (node:net:983:8)
    at writeOrBuffer (node:internal/streams/writable:572:12)
    at _write (node:internal/streams/writable:501:10)
    at Writable.write (node:internal/streams/writable:510:10)
    at Console.log (/home/tobagin/Projects/Karere/backend/node_modules/winston/lib/winston/transports/console.js:87:23)
    at Console._write (/home/tobagin/Projects/Karere/backend/node_modules/winston-transport/modern.js:103:17)
    at doWrite (/home/tobagin/Projects/Karere/backend/node_modules/winston-transport/node_modules/readable-stream/lib/_stream_writable.js:390:139)
{
  "error": "write EPIPE"
}
2025-06-17 21:25:01 [ERROR]: Uncaught Exception
Error: write EPIPE
    at afterWriteDispatched (node:internal/stream_base_commons:159:15)
    at writeGeneric (node:internal/stream_base_commons:150:3)
    at Socket._writeGeneric (node:net:971:11)
    at Socket._write (node:net:983:8)
    at writeOrBuffer (node:internal/streams/writable:572:12)
    at _write (node:internal/streams/writable:501:10)
    at Writable.write (node:internal/streams/writable:510:10)
    at Console.log (/home/tobagin/Projects/Karere/backend/node_modules/winston/lib/winston/transports/console.js:87:23)
    at Console._write (/home/tobagin/Projects/Karere/backend/node_modules/winston-transport/modern.js:103:17)
    at doWrite (/home/tobagin/Projects/Karere/backend/node_modules/winston-transport/node_modules/readable-stream/lib/_stream_writable.js:390:139)
{
  "error": "write EPIPE"
}
2025-06-17 21:34:43 [ERROR]: Uncaught Exception
Error: write EPIPE
    at afterWriteDispatched (node:internal/stream_base_commons:159:15)
    at writeGeneric (node:internal/stream_base_commons:150:3)
    at Socket._writeGeneric (node:net:971:11)
    at Socket._write (node:net:983:8)
    at writeOrBuffer (node:internal/streams/writable:572:12)
    at _write (node:internal/streams/writable:501:10)
    at Writable.write (node:internal/streams/writable:510:10)
    at Console.log (/home/tobagin/Projects/Karere/backend/node_modules/winston/lib/winston/transports/console.js:87:23)
    at Console._write (/home/tobagin/Projects/Karere/backend/node_modules/winston-transport/modern.js:103:17)
    at doWrite (/home/tobagin/Projects/Karere/backend/node_modules/winston-transport/node_modules/readable-stream/lib/_stream_writable.js:390:139)
{
  "error": "write EPIPE"
}
2025-06-17 21:36:55 [ERROR]: Uncaught Exception
Error: write EPIPE
    at afterWriteDispatched (node:internal/stream_base_commons:159:15)
    at writeGeneric (node:internal/stream_base_commons:150:3)
    at Socket._writeGeneric (node:net:971:11)
    at Socket._write (node:net:983:8)
    at writeOrBuffer (node:internal/streams/writable:572:12)
    at _write (node:internal/streams/writable:501:10)
    at Writable.write (node:internal/streams/writable:510:10)
    at Console.log (/home/tobagin/Projects/Karere/backend/node_modules/winston/lib/winston/transports/console.js:87:23)
    at Console._write (/home/tobagin/Projects/Karere/backend/node_modules/winston-transport/modern.js:103:17)
    at doWrite (/home/tobagin/Projects/Karere/backend/node_modules/winston-transport/node_modules/readable-stream/lib/_stream_writable.js:390:139)
{
  "error": "write EPIPE"
}
2025-06-17 21:38:04 [ERROR]: Uncaught Exception
Error: write EPIPE
    at afterWriteDispatched (node:internal/stream_base_commons:159:15)
    at writeGeneric (node:internal/stream_base_commons:150:3)
    at Socket._writeGeneric (node:net:971:11)
    at Socket._write (node:net:983:8)
    at writeOrBuffer (node:internal/streams/writable:572:12)
    at _write (node:internal/streams/writable:501:10)
    at Writable.write (node:internal/streams/writable:510:10)
    at Console.log (/home/tobagin/Projects/Karere/backend/node_modules/winston/lib/winston/transports/console.js:87:23)
    at Console._write (/home/tobagin/Projects/Karere/backend/node_modules/winston-transport/modern.js:103:17)
    at doWrite (/home/tobagin/Projects/Karere/backend/node_modules/winston-transport/node_modules/readable-stream/lib/_stream_writable.js:390:139)
{
  "error": "write EPIPE"
}
2025-06-17 21:40:04 [ERROR]: Uncaught Exception
Error: write EPIPE
    at afterWriteDispatched (node:internal/stream_base_commons:159:15)
    at writeGeneric (node:internal/stream_base_commons:150:3)
    at Socket._writeGeneric (node:net:971:11)
    at Socket._write (node:net:983:8)
    at writeOrBuffer (node:internal/streams/writable:572:12)
    at _write (node:internal/streams/writable:501:10)
    at Writable.write (node:internal/streams/writable:510:10)
    at Console.log (/home/tobagin/Projects/Karere/backend/node_modules/winston/lib/winston/transports/console.js:87:23)
    at Console._write (/home/tobagin/Projects/Karere/backend/node_modules/winston-transport/modern.js:103:17)
    at doWrite (/home/tobagin/Projects/Karere/backend/node_modules/winston-transport/node_modules/readable-stream/lib/_stream_writable.js:390:139)
{
  "error": "write EPIPE"
}
2025-06-17 21:41:39 [ERROR]: Uncaught Exception
Error: write EPIPE
    at afterWriteDispatched (node:internal/stream_base_commons:159:15)
    at writeGeneric (node:internal/stream_base_commons:150:3)
    at Socket._writeGeneric (node:net:971:11)
    at Socket._write (node:net:983:8)
    at writeOrBuffer (node:internal/streams/writable:572:12)
    at _write (node:internal/streams/writable:501:10)
    at Writable.write (node:internal/streams/writable:510:10)
    at Console.log (/home/tobagin/Projects/Karere/backend/node_modules/winston/lib/winston/transports/console.js:87:23)
    at Console._write (/home/tobagin/Projects/Karere/backend/node_modules/winston-transport/modern.js:103:17)
    at doWrite (/home/tobagin/Projects/Karere/backend/node_modules/winston-transport/node_modules/readable-stream/lib/_stream_writable.js:390:139)
{
  "error": "write EPIPE"
}
2025-06-17 21:43:11 [ERROR]: Uncaught Exception
Error: write EPIPE
    at afterWriteDispatched (node:internal/stream_base_commons:159:15)
    at writeGeneric (node:internal/stream_base_commons:150:3)
    at Socket._writeGeneric (node:net:971:11)
    at Socket._write (node:net:983:8)
    at writeOrBuffer (node:internal/streams/writable:572:12)
    at _write (node:internal/streams/writable:501:10)
    at Writable.write (node:internal/streams/writable:510:10)
    at Console.log (/home/tobagin/Projects/Karere/backend/node_modules/winston/lib/winston/transports/console.js:87:23)
    at Console._write (/home/tobagin/Projects/Karere/backend/node_modules/winston-transport/modern.js:103:17)
    at doWrite (/home/tobagin/Projects/Karere/backend/node_modules/winston-transport/node_modules/readable-stream/lib/_stream_writable.js:390:139)
{
  "error": "write EPIPE"
}
2025-06-17 21:56:43 [ERROR]: Uncaught Exception
Error: write EPIPE
    at afterWriteDispatched (node:internal/stream_base_commons:159:15)
    at writeGeneric (node:internal/stream_base_commons:150:3)
    at Socket._writeGeneric (node:net:971:11)
    at Socket._write (node:net:983:8)
    at writeOrBuffer (node:internal/streams/writable:572:12)
    at _write (node:internal/streams/writable:501:10)
    at Writable.write (node:internal/streams/writable:510:10)
    at Console.log (/home/tobagin/Projects/Karere/backend/node_modules/winston/lib/winston/transports/console.js:87:23)
    at Console._write (/home/tobagin/Projects/Karere/backend/node_modules/winston-transport/modern.js:103:17)
    at doWrite (/home/tobagin/Projects/Karere/backend/node_modules/winston-transport/node_modules/readable-stream/lib/_stream_writable.js:390:139)
{
  "error": "write EPIPE"
}
2025-06-17 21:59:29 [ERROR]: Uncaught Exception
Error: write EPIPE
    at afterWriteDispatched (node:internal/stream_base_commons:159:15)
    at writeGeneric (node:internal/stream_base_commons:150:3)
    at Socket._writeGeneric (node:net:971:11)
    at Socket._write (node:net:983:8)
    at writeOrBuffer (node:internal/streams/writable:572:12)
    at _write (node:internal/streams/writable:501:10)
    at Writable.write (node:internal/streams/writable:510:10)
    at Console.log (/home/tobagin/Projects/Karere/backend/node_modules/winston/lib/winston/transports/console.js:87:23)
    at Console._write (/home/tobagin/Projects/Karere/backend/node_modules/winston-transport/modern.js:103:17)
    at doWrite (/home/tobagin/Projects/Karere/backend/node_modules/winston-transport/node_modules/readable-stream/lib/_stream_writable.js:390:139)
{
  "error": "write EPIPE"
}
2025-06-17 22:01:56 [ERROR]: Uncaught Exception
Error: write EPIPE
    at afterWriteDispatched (node:internal/stream_base_commons:159:15)
    at writeGeneric (node:internal/stream_base_commons:150:3)
    at Socket._writeGeneric (node:net:971:11)
    at Socket._write (node:net:983:8)
    at writeOrBuffer (node:internal/streams/writable:572:12)
    at _write (node:internal/streams/writable:501:10)
    at Writable.write (node:internal/streams/writable:510:10)
    at Console.log (/home/tobagin/Projects/Karere/backend/node_modules/winston/lib/winston/transports/console.js:87:23)
    at Console._write (/home/tobagin/Projects/Karere/backend/node_modules/winston-transport/modern.js:103:17)
    at doWrite (/home/tobagin/Projects/Karere/backend/node_modules/winston-transport/node_modules/readable-stream/lib/_stream_writable.js:390:139)
{
  "error": "write EPIPE"
}
2025-06-17 22:20:00 [ERROR]: Uncaught Exception
Error: write EPIPE
    at afterWriteDispatched (node:internal/stream_base_commons:159:15)
    at writeGeneric (node:internal/stream_base_commons:150:3)
    at Socket._writeGeneric (node:net:971:11)
    at Socket._write (node:net:983:8)
    at writeOrBuffer (node:internal/streams/writable:572:12)
    at _write (node:internal/streams/writable:501:10)
    at Writable.write (node:internal/streams/writable:510:10)
    at Console.log (/home/tobagin/Projects/Karere/backend/node_modules/winston/lib/winston/transports/console.js:87:23)
    at Console._write (/home/tobagin/Projects/Karere/backend/node_modules/winston-transport/modern.js:103:17)
    at doWrite (/home/tobagin/Projects/Karere/backend/node_modules/winston-transport/node_modules/readable-stream/lib/_stream_writable.js:390:139)
{
  "error": "write EPIPE"
}
