null
null
null
null
null
null
null
null
null
null
null
null
null
null
null
null
null
null
null
null
null
null
null
null
null
null
null
null
null
null
null
null
null
null
null
null
null
null
null
null
null
null
null
null
null
null
null
null
null
null
null
null
null
null
null
null
null
null
null
null
null
null
null
null
null
2025-06-17 20:54:57 [WS-DEBUG]: Frontend client connected
2025-06-17 20:54:57 [WS-DEBUG]: Frontend connected while Baileys is ready. Sending ready signal.
2025-06-17 20:54:57 [WS-DEBUG]: Sent message to frontend
2025-06-17 20:54:57 [WS-DEBUG]: Received command from frontend
null
null
null
null
null
null
null
null
null
null
null
null
null
null
null
null
null
null
null
null
null
null
null
null
null
null
null
null
null
null
null
null
2025-06-17 21:00:52 [WS-DEBUG]: Frontend client connected
null
2025-06-17 21:00:53 [WS-DEBUG]: Sent message to frontend
null
null
null
null
null
null
null
2025-06-17 21:00:55 [WS-DEBUG]: Sent message to frontend
null
2025-06-17 21:00:55 [WS-DEBUG]: Sent message to frontend
null
null
2025-06-17 21:01:07 [WS-DEBUG]: Frontend client disconnected
